<?xml version="1.0" encoding="UTF-8"?>
<testng-results ignored="0" total="11" passed="11" failed="0" skipped="0">
  <reporter-output>
  </reporter-output>
  <suite started-at="2025-07-11T12:54:51 IST" name="Suite" finished-at="2025-07-11T12:56:51 IST" duration-ms="119971">
    <groups>
      <group name="PL1">
        <method signature="RestAssured_TestCases.loginWithSeleniumAndGetCookie()[pri:0, instance:testcases.RestAssured_TestCases@180da663]" name="loginWithSeleniumAndGetCookie" class="testcases.RestAssured_TestCases"/>
        <method signature="RestAssured_TestCases.GetHolidayData()[pri:1, instance:testcases.RestAssured_TestCases@180da663]" name="GetHolidayData" class="testcases.RestAssured_TestCases"/>
        <method signature="RestAssured_TestCases.GetLeaveData()[pri:2, instance:testcases.RestAssured_TestCases@180da663]" name="GetLeaveData" class="testcases.RestAssured_TestCases"/>
        <method signature="RestAssured_TestCases.GetEmpCount()[pri:3, instance:testcases.RestAssured_TestCases@180da663]" name="GetEmpCount" class="testcases.RestAssured_TestCases"/>
        <method signature="RestAssured_TestCases.GetLeaveType()[pri:4, instance:testcases.RestAssured_TestCases@180da663]" name="GetLeaveType" class="testcases.RestAssured_TestCases"/>
        <method signature="RestAssured_TestCases.GetUsageReport()[pri:5, instance:testcases.RestAssured_TestCases@180da663]" name="GetUsageReport" class="testcases.RestAssured_TestCases"/>
        <method signature="RestAssured_TestCases.PutTerminationReason()[pri:6, instance:testcases.RestAssured_TestCases@180da663]" name="PutTerminationReason" class="testcases.RestAssured_TestCases"/>
        <method signature="RestAssured_TestCases.DeletePim()[pri:7, instance:testcases.RestAssured_TestCases@180da663]" name="DeletePim" class="testcases.RestAssured_TestCases"/>
        <method signature="RestAssured_TestCases.PostPimEmp()[pri:8, instance:testcases.RestAssured_TestCases@180da663]" name="PostPimEmp" class="testcases.RestAssured_TestCases"/>
        <method signature="RestAssured_TestCases.PutVimEmp()[pri:9, instance:testcases.RestAssured_TestCases@180da663]" name="PutVimEmp" class="testcases.RestAssured_TestCases"/>
        <method signature="RestAssured_TestCases.DeletePimEmp()[pri:10, instance:testcases.RestAssured_TestCases@180da663]" name="DeletePimEmp" class="testcases.RestAssured_TestCases"/>
      </group> <!-- PL1 -->
    </groups>
    <test started-at="2025-07-11T12:54:51 IST" name="Test" finished-at="2025-07-11T12:56:51 IST" duration-ms="119971">
      <class name="testcases.RestAssured_TestCases">
        <test-method signature="loginWithSeleniumAndGetCookie()[pri:0, instance:testcases.RestAssured_TestCases@180da663]" started-at="2025-07-11T12:54:52 IST" name="loginWithSeleniumAndGetCookie" description="Login to OrangeHRM and retrieve session cookie" finished-at="2025-07-11T12:56:02 IST" duration-ms="69856" status="PASS">
          <reporter-output>
          </reporter-output>
        </test-method> <!-- loginWithSeleniumAndGetCookie -->
        <test-method signature="GetHolidayData()[pri:1, instance:testcases.RestAssured_TestCases@180da663]" started-at="2025-07-11T12:56:04 IST" name="GetHolidayData" description="1. Define the endpoint to fetch holiday data for the year 2025
2. Send a GET request to &#039;/web/index.php/api/v2/leave/holidays&#039; with a valid cookie
3. Validate if the implementation uses correct RestAssured steps (given, cookie, get, response)
4. Print the response status code and body for verification
5. Assert the status code is 200 and implementation is correct" finished-at="2025-07-11T12:56:24 IST" duration-ms="20711" status="PASS">
          <reporter-output>
          </reporter-output>
        </test-method> <!-- GetHolidayData -->
        <test-method signature="GetLeaveData()[pri:2, instance:testcases.RestAssured_TestCases@180da663]" started-at="2025-07-11T12:56:25 IST" name="GetLeaveData" description="1. Define the endpoint to retrieve holiday details for the year 2025
2. Send a GET request to &#039;/web/index.php/api/v2/leave/holidays&#039; using a valid cookie
3. Validate whether the method contains RestAssured steps like given, cookie, get, and response
4. Print and verify the response status code and response body
5. Assert that the response status code is 200 and implementation is as expected" finished-at="2025-07-11T12:56:26 IST" duration-ms="1070" status="PASS">
          <reporter-output>
          </reporter-output>
        </test-method> <!-- GetLeaveData -->
        <test-method signature="GetEmpCount()[pri:3, instance:testcases.RestAssured_TestCases@180da663]" started-at="2025-07-11T12:56:27 IST" name="GetEmpCount" description="1. Define the endpoint to get employee count
2. Send a GET request to &#039;/web/index.php/api/v2/pim/employees/count&#039; with a valid cookie
3. Validate presence of RestAssured steps: given, cookie, get, and response
4. Print and verify the status code and response body
5. Assert the response status code is 200 and implementation is correct" finished-at="2025-07-11T12:56:28 IST" duration-ms="1362" status="PASS">
          <reporter-output>
          </reporter-output>
        </test-method> <!-- GetEmpCount -->
        <test-method signature="GetLeaveType()[pri:4, instance:testcases.RestAssured_TestCases@180da663]" started-at="2025-07-11T12:56:28 IST" name="GetLeaveType" description="1. Define the endpoint to retrieve all leave types with no limit
2. Send a GET request to &#039;/web/index.php/api/v2/leave/leave-types?limit=0&#039; using a valid session cookie
3. Validate implementation contains: given, cookie, get, and response
4. Print and verify status code and response body
5. Assert that the status code is 200 and implementation is correct" finished-at="2025-07-11T12:56:29 IST" duration-ms="1159" status="PASS">
          <reporter-output>
          </reporter-output>
        </test-method> <!-- GetLeaveType -->
        <test-method signature="GetUsageReport()[pri:5, instance:testcases.RestAssured_TestCases@180da663]" started-at="2025-07-11T12:56:30 IST" name="GetUsageReport" description="1. Define the endpoint to retrieve all leave types with no limit
2. Send a GET request to &#039;/web/index.php/api/v2/leave/leave-types?limit=0&#039; using a valid session cookie
3. Validate implementation contains: given, cookie, get, and response
4. Print and verify status code and response body
5. Assert that the status code is 200 and implementation is correct" finished-at="2025-07-11T12:56:31 IST" duration-ms="1088" status="PASS">
          <reporter-output>
          </reporter-output>
        </test-method> <!-- GetUsageReport -->
        <test-method signature="PutTerminationReason()[pri:6, instance:testcases.RestAssured_TestCases@180da663]" started-at="2025-07-11T12:56:32 IST" name="PutTerminationReason" description="1. Define the endpoint to update termination reason by ID
2. Prepare request body with updated name value
3. Send a PUT request to &#039;/web/index.php/api/v2/pim/termination-reasons/1&#039; with valid cookie and JSON body
4. Print the request body, status code, and response body
5. Assert the response status code is 200 and validate implementation correctness" finished-at="2025-07-11T12:56:39 IST" duration-ms="6977" status="PASS">
          <reporter-output>
          </reporter-output>
        </test-method> <!-- PutTerminationReason -->
        <test-method signature="DeletePim()[pri:7, instance:testcases.RestAssured_TestCases@180da663]" started-at="2025-07-11T12:56:39 IST" name="DeletePim" description="1. Send GET request to &#039;/web/index.php/api/v2/pim/termination-reasons&#039; to retrieve list of termination reasons
2. Extract the ID of the second termination reason from the response
3. Construct DELETE request body using extracted ID
4. Send DELETE request to &#039;/web/index.php/api/v2/pim/termination-reasons&#039; with the ID
5. Print and verify request body, status code, and response body
6. Assert the response status code is 200 and validate implementation correctness" finished-at="2025-07-11T12:56:43 IST" duration-ms="4206" status="PASS">
          <reporter-output>
          </reporter-output>
        </test-method> <!-- DeletePim -->
        <test-method signature="PostPimEmp()[pri:8, instance:testcases.RestAssured_TestCases@180da663]" started-at="2025-07-11T12:56:43 IST" name="PostPimEmp" description="1. Generate a unique employee ID dynamically
2. Construct the request body with first name, middle name, last name, null picture, and unique employee ID
3. Send POST request to &#039;/web/index.php/api/v2/pim/employees&#039; with valid session cookie
4. Print and verify request body, status code, and response body
5. Assert that the response status code is 200 and validate implementation correctness" finished-at="2025-07-11T12:56:45 IST" duration-ms="1713" status="PASS">
          <reporter-output>
          </reporter-output>
        </test-method> <!-- PostPimEmp -->
        <test-method signature="PutVimEmp()[pri:9, instance:testcases.RestAssured_TestCases@180da663]" started-at="2025-07-11T12:56:46 IST" name="PutVimEmp" description="1. Send GET request to &#039;/web/index.php/api/v2/pim/employees&#039; to retrieve employee data
2. Extract empNumber of the second employee from the response
3. Construct the PUT endpoint using the extracted empNumber
4. Create request body with updated employee details (firstName, lastName, etc.)
5. Send PUT request with valid session cookie and request body
6. Print and verify request and response details
7. Assert that the response status code is 200 and validate implementation correctness" finished-at="2025-07-11T12:56:49 IST" duration-ms="2778" status="PASS">
          <reporter-output>
          </reporter-output>
        </test-method> <!-- PutVimEmp -->
        <test-method signature="DeletePimEmp()[pri:10, instance:testcases.RestAssured_TestCases@180da663]" started-at="2025-07-11T12:56:49 IST" name="DeletePimEmp" description="1. Send GET request to &#039;/web/index.php/api/v2/pim/employees&#039; to fetch employee data
2. Extract the &#039;empNumber&#039; of the second employee from the response
3. Construct DELETE request body with extracted employee ID
4. Send DELETE request to &#039;/web/index.php/api/v2/pim/employees&#039; with valid session cookie
5. Print and verify request body, status code, and response body
6. Assert that the response status code is 200 and validate implementation correctness" finished-at="2025-07-11T12:56:51 IST" duration-ms="2231" status="PASS">
          <reporter-output>
          </reporter-output>
        </test-method> <!-- DeletePimEmp -->
      </class> <!-- testcases.RestAssured_TestCases -->
    </test> <!-- Test -->
  </suite> <!-- Suite -->
</testng-results>
